time="2020-10-16T23:38:55-05:00" level=info msg="Configuration loaded from flags."
time="2020-10-16T23:38:55-05:00" level=info msg="Traefik version 2.3.1 built on 2020-09-29T15:49:06Z"
time="2020-10-16T23:38:55-05:00" level=debug msg="Static configuration loaded {\"global\":{\"checkNewVersion\":true},\"serversTransport\":{\"maxIdleConnsPerHost\":200},\"entryPoints\":{\"http\":{\"address\":\":80\",\"transport\":{\"lifeCycle\":{\"graceTimeOut\":10000000000},\"respondingTimeouts\":{\"idleTimeout\":180000000000}},\"forwardedHeaders\":{},\"http\":{\"redirections\":{\"entryPoint\":{\"to\":\"https\",\"scheme\":\"https\",\"permanent\":true,\"priority\":2147483647}}}},\"https\":{\"address\":\":443\",\"transport\":{\"lifeCycle\":{\"graceTimeOut\":10000000000},\"respondingTimeouts\":{\"idleTimeout\":180000000000}},\"forwardedHeaders\":{},\"http\":{\"tls\":{\"certResolver\":\"godaddy\",\"domains\":[{\"main\":\"\\\"DOMAIN\\\"\",\"sans\":[\"\\\"*.DOMAIN\\\"\"]}]}}},\"ping\":{\"address\":\":8082\",\"transport\":{\"lifeCycle\":{\"graceTimeOut\":10000000000},\"respondingTimeouts\":{\"idleTimeout\":180000000000}},\"forwardedHeaders\":{},\"http\":{}},\"traefik\":{\"address\":\":8080\",\"transport\":{\"lifeCycle\":{\"graceTimeOut\":10000000000},\"respondingTimeouts\":{\"idleTimeout\":180000000000}},\"forwardedHeaders\":{},\"http\":{}}},\"providers\":{\"providersThrottleDuration\":2000000000,\"docker\":{\"watch\":true,\"endpoint\":\"unix:///var/run/docker.sock\",\"defaultRule\":\"Host(`{{ normalize .Name }}`)\",\"network\":\"docker_traefik\",\"swarmModeRefreshSeconds\":15000000000},\"file\":{\"watch\":true,\"filename\":\"/config.yml\"}},\"api\":{\"dashboard\":true},\"ping\":{\"entryPoint\":\"traefik\",\"terminatingStatusCode\":503},\"log\":{\"level\":\"DEBUG\",\"format\":\"common\"},\"certificatesResolvers\":{\"godaddy\":{\"acme\":{\"email\":\"\\\"EMAIL\\\"\",\"caServer\":\"https://acme-staging-v02.api.letsencrypt.org/directory\",\"storage\":\"/acme.json\",\"keyType\":\"RSA4096\",\"dnsChallenge\":{\"provider\":\"godaddy\"}}}},\"pilot\":{\"token\":\"\\\"a237dbc8-57f5-4310-a008-9a6d7f8d6abe\\\"\"}}"
time="2020-10-16T23:38:55-05:00" level=info msg="\nStats collection is disabled.\nHelp us improve Traefik by turning this feature on :)\nMore details on: https://doc.traefik.io/traefik/contributing/data-collection/\n"
time="2020-10-16T23:38:55-05:00" level=info msg="Starting provider aggregator.ProviderAggregator {}"
time="2020-10-16T23:38:55-05:00" level=debug msg="Start TCP Server" entryPointName=ping
time="2020-10-16T23:38:55-05:00" level=info msg="Starting provider *file.Provider {\"watch\":true,\"filename\":\"/config.yml\"}"
time="2020-10-16T23:38:55-05:00" level=debug msg="Start TCP Server" entryPointName=https
time="2020-10-16T23:38:55-05:00" level=debug msg="Start TCP Server" entryPointName=traefik
time="2020-10-16T23:38:55-05:00" level=debug msg="Start TCP Server" entryPointName=http
time="2020-10-16T23:38:55-05:00" level=info msg="Starting provider *acme.Provider {\"email\":\"\\\"EMAIL\\\"\",\"caServer\":\"https://acme-staging-v02.api.letsencrypt.org/directory\",\"storage\":\"/acme.json\",\"keyType\":\"RSA4096\",\"dnsChallenge\":{\"provider\":\"godaddy\"},\"ResolverName\":\"godaddy\",\"store\":{},\"ChallengeStore\":{}}"
time="2020-10-16T23:38:55-05:00" level=info msg="Testing certificate renew..." providerName=godaddy.acme
time="2020-10-16T23:38:55-05:00" level=info msg="Starting provider *traefik.Provider {}"
time="2020-10-16T23:38:55-05:00" level=info msg="Starting provider *docker.Provider {\"watch\":true,\"endpoint\":\"unix:///var/run/docker.sock\",\"defaultRule\":\"Host(`{{ normalize .Name }}`)\",\"network\":\"docker_traefik\",\"swarmModeRefreshSeconds\":15000000000}"
time="2020-10-16T23:38:55-05:00" level=debug msg="Configuration received from provider file: {\"http\":{\"middlewares\":{\"default-headers\":{\"headers\":{\"sslRedirect\":true,\"stsIncludeSubdomains\":true,\"stsPreload\":true,\"forceSTSHeader\":true,\"frameDeny\":true,\"contentTypeNosniff\":true,\"browserXssFilter\":true}},\"default-whitelist\":{\"ipWhiteList\":{\"sourceRange\":[\"10.0.0.0/24\",\"192.168.0.0/16\",\"172.0.0.0/8\"]}},\"https-redirect\":{\"redirectScheme\":{\"scheme\":\"https\"}},\"secured\":{\"chain\":{\"middlewares\":[\"default-whitelist\",\"default-headers\"]}}}},\"tcp\":{},\"udp\":{},\"tls\":{}}" providerName=file
time="2020-10-16T23:38:55-05:00" level=debug msg="Configuration received from provider godaddy.acme: {\"http\":{},\"tls\":{}}" providerName=godaddy.acme
time="2020-10-16T23:38:55-05:00" level=debug msg="Configuration received from provider internal: {\"http\":{\"routers\":{\"http-to-https\":{\"entryPoints\":[\"http\"],\"middlewares\":[\"redirect-http-to-https\"],\"service\":\"noop@internal\",\"rule\":\"HostRegexp(`{host:.+}`)\",\"priority\":2147483647},\"ping\":{\"entryPoints\":[\"traefik\"],\"service\":\"ping@internal\",\"rule\":\"PathPrefix(`/ping`)\",\"priority\":2147483647}},\"services\":{\"api\":{},\"dashboard\":{},\"noop\":{},\"ping\":{}},\"middlewares\":{\"redirect-http-to-https\":{\"redirectScheme\":{\"scheme\":\"https\",\"port\":\"443\",\"permanent\":true}}},\"models\":{\"https\":{\"tls\":{\"certResolver\":\"godaddy\",\"domains\":[{\"main\":\"\\\"DOMAIN\\\"\",\"sans\":[\"\\\"*.DOMAIN\\\"\"]}]}}}},\"tcp\":{},\"tls\":{}}" providerName=internal
time="2020-10-16T23:38:55-05:00" level=debug msg="Creating middleware" middlewareType=Metrics entryPointName=http middlewareName=metrics-entrypoint
time="2020-10-16T23:38:55-05:00" level=debug msg="Creating middleware" middlewareType=Metrics entryPointName=https middlewareName=metrics-entrypoint
time="2020-10-16T23:38:55-05:00" level=debug msg="Creating middleware" entryPointName=ping middlewareName=metrics-entrypoint middlewareType=Metrics
time="2020-10-16T23:38:55-05:00" level=debug msg="Creating middleware" entryPointName=traefik middlewareName=metrics-entrypoint middlewareType=Metrics
time="2020-10-16T23:38:55-05:00" level=debug msg="Creating middleware" middlewareName=metrics-entrypoint entryPointName=http middlewareType=Metrics
time="2020-10-16T23:38:55-05:00" level=debug msg="Creating middleware" middlewareName=metrics-entrypoint middlewareType=Metrics entryPointName=https
time="2020-10-16T23:38:55-05:00" level=debug msg="Creating middleware" middlewareName=metrics-entrypoint middlewareType=Metrics entryPointName=ping
time="2020-10-16T23:38:55-05:00" level=debug msg="Creating middleware" middlewareType=Metrics middlewareName=metrics-entrypoint entryPointName=traefik
time="2020-10-16T23:38:55-05:00" level=debug msg="No default certificate, generating one"
time="2020-10-16T23:38:55-05:00" level=debug msg="Provider connection established with docker 19.03.12 (API 1.40)" providerName=docker
time="2020-10-16T23:38:55-05:00" level=debug msg="Filtering disabled container" providerName=docker container=redis-docker-997208a194fd71b213ad97dbdccf7d8f5a7f0317e1381cf946b9ba74514a5e46
time="2020-10-16T23:38:55-05:00" level=debug msg="Filtering disabled container" providerName=docker container=watchtower-docker-75a85b4b0c563e843298287602f9bc992351450ccee38d67999f74c7e07c8d8f
time="2020-10-16T23:38:55-05:00" level=debug msg="Filtering disabled container" providerName=docker container=traefik-docker-7d0368b560e0f71f98ac9018b79c557fd22988d745edbfb711ad6aa1b020ae3e
time="2020-10-16T23:38:55-05:00" level=debug msg="Filtering disabled container" providerName=docker container=heimdall-docker-d6f42b2ba516b124dd142f71d6062f097c905285fb4e163a0f9430535b56097f
time="2020-10-16T23:38:55-05:00" level=debug msg="Configuration received from provider docker: {\"http\":{},\"tcp\":{},\"udp\":{}}" providerName=docker
time="2020-10-16T23:38:55-05:00" level=debug msg="Creating middleware" middlewareName=metrics-entrypoint middlewareType=Metrics entryPointName=http
time="2020-10-16T23:38:55-05:00" level=debug msg="Creating middleware" middlewareName=metrics-entrypoint middlewareType=Metrics entryPointName=https
time="2020-10-16T23:38:55-05:00" level=debug msg="Creating middleware" entryPointName=ping middlewareName=metrics-entrypoint middlewareType=Metrics
time="2020-10-16T23:38:55-05:00" level=debug msg="Creating middleware" entryPointName=traefik middlewareName=metrics-entrypoint middlewareType=Metrics
time="2020-10-16T23:38:55-05:00" level=debug msg="Creating middleware" entryPointName=http middlewareType=Metrics middlewareName=metrics-entrypoint
time="2020-10-16T23:38:55-05:00" level=debug msg="Creating middleware" entryPointName=https middlewareName=metrics-entrypoint middlewareType=Metrics
time="2020-10-16T23:38:55-05:00" level=debug msg="Creating middleware" entryPointName=ping middlewareName=metrics-entrypoint middlewareType=Metrics
time="2020-10-16T23:38:55-05:00" level=debug msg="Creating middleware" entryPointName=traefik middlewareName=metrics-entrypoint middlewareType=Metrics
time="2020-10-16T23:38:55-05:00" level=debug msg="No default certificate, generating one"
time="2020-10-16T23:38:55-05:00" level=debug msg="Added outgoing tracing middleware noop@internal" entryPointName=http routerName=http-to-https@internal middlewareName=tracing middlewareType=TracingForwarder
time="2020-10-16T23:38:55-05:00" level=debug msg="Creating middleware" entryPointName=http routerName=http-to-https@internal middlewareName=redirect-http-to-https@internal middlewareType=RedirectScheme
time="2020-10-16T23:38:55-05:00" level=debug msg="Setting up redirection to https 443" routerName=http-to-https@internal middlewareName=redirect-http-to-https@internal middlewareType=RedirectScheme entryPointName=http
time="2020-10-16T23:38:55-05:00" level=debug msg="Adding tracing to middleware" routerName=http-to-https@internal entryPointName=http middlewareName=redirect-http-to-https@internal
time="2020-10-16T23:38:55-05:00" level=debug msg="Creating middleware" middlewareType=Recovery entryPointName=http middlewareName=traefik-internal-recovery
time="2020-10-16T23:38:55-05:00" level=debug msg="Added outgoing tracing middleware ping@internal" entryPointName=traefik middlewareName=tracing middlewareType=TracingForwarder routerName=ping@internal
time="2020-10-16T23:38:55-05:00" level=debug msg="Creating middleware" entryPointName=traefik middlewareName=traefik-internal-recovery middlewareType=Recovery
time="2020-10-16T23:38:55-05:00" level=debug msg="Creating middleware" middlewareType=Metrics entryPointName=http middlewareName=metrics-entrypoint
time="2020-10-16T23:38:55-05:00" level=debug msg="Creating middleware" middlewareName=metrics-entrypoint middlewareType=Metrics entryPointName=https
time="2020-10-16T23:38:55-05:00" level=debug msg="Creating middleware" entryPointName=ping middlewareName=metrics-entrypoint middlewareType=Metrics
time="2020-10-16T23:38:55-05:00" level=debug msg="Creating middleware" middlewareType=Metrics entryPointName=traefik middlewareName=metrics-entrypoint
time="2020-10-16T23:38:55-05:00" level=debug msg="Creating middleware" middlewareType=Metrics entryPointName=http middlewareName=metrics-entrypoint
time="2020-10-16T23:38:55-05:00" level=debug msg="Creating middleware" entryPointName=https middlewareName=metrics-entrypoint middlewareType=Metrics
time="2020-10-16T23:38:55-05:00" level=debug msg="Creating middleware" middlewareType=Metrics entryPointName=ping middlewareName=metrics-entrypoint
time="2020-10-16T23:38:55-05:00" level=debug msg="Creating middleware" middlewareName=metrics-entrypoint middlewareType=Metrics entryPointName=traefik
time="2020-10-16T23:38:55-05:00" level=debug msg="No default certificate, generating one"
time="2020-10-16T23:38:55-05:00" level=debug msg="Provider event received {Status:start ID:1664afbe30b88d28d04fc28926a4c395ab437d8b77cd2b7be39a3342f24341a6 From:portainer/portainer-ce:latest Type:container Action:start Actor:{ID:1664afbe30b88d28d04fc28926a4c395ab437d8b77cd2b7be39a3342f24341a6 Attributes:map[com.centurylinklabs.watchtower.enable:true com.docker.compose.config-hash:d61ff6c2061c1edd14fa7a3ccc551f5f29bdb276f273a2fd9e87e9895b546fe7 com.docker.compose.container-number:1 com.docker.compose.oneoff:False com.docker.compose.project:docker com.docker.compose.project.config_files:docker-compose.yml com.docker.compose.project.working_dir:/data/crypt/docker com.docker.compose.service:portainer com.docker.compose.version:1.25.5 image:portainer/portainer-ce:latest name:portainer traefik.docker.network:docker_traefik traefik.enable:true traefik.http.middlewares.portainer-https-redirect.redirectscheme.scheme:https traefik.http.middlewares.test-compress.compress:true traefik.http.routers.portainer-secure.entrypoints:https traefik.http.routers.portainer-secure.rule:Host(`portainer.DOMAIN`) traefik.http.routers.portainer-secure.service:portainer traefik.http.routers.portainer-secure.tls:true traefik.http.routers.portainer.entrypoints:http traefik.http.routers.portainer.middlewares:portainer-https-redirect traefik.http.routers.portainer.rule:Host(`portainer.DOMAIN`) traefik.http.services.portainer.loadbalancer.server.port:9000 traefik.port:9000]} Scope:local Time:1602909535 TimeNano:1602909535782983848}" providerName=docker
time="2020-10-16T23:38:55-05:00" level=debug msg="Filtering disabled container" providerName=docker container=redis-docker-997208a194fd71b213ad97dbdccf7d8f5a7f0317e1381cf946b9ba74514a5e46
time="2020-10-16T23:38:55-05:00" level=debug msg="Filtering disabled container" providerName=docker container=watchtower-docker-75a85b4b0c563e843298287602f9bc992351450ccee38d67999f74c7e07c8d8f
time="2020-10-16T23:38:55-05:00" level=debug msg="Filtering disabled container" providerName=docker container=traefik-docker-7d0368b560e0f71f98ac9018b79c557fd22988d745edbfb711ad6aa1b020ae3e
time="2020-10-16T23:38:55-05:00" level=debug msg="Filtering disabled container" providerName=docker container=heimdall-docker-d6f42b2ba516b124dd142f71d6062f097c905285fb4e163a0f9430535b56097f
time="2020-10-16T23:38:55-05:00" level=debug msg="Configuration received from provider docker: {\"http\":{\"routers\":{\"portainer\":{\"entryPoints\":[\"http\"],\"middlewares\":[\"portainer-https-redirect\"],\"service\":\"portainer\",\"rule\":\"Host(`portainer.DOMAIN`)\"},\"portainer-secure\":{\"entryPoints\":[\"https\"],\"service\":\"portainer\",\"rule\":\"Host(`portainer.DOMAIN`)\",\"tls\":{}}},\"services\":{\"portainer\":{\"loadBalancer\":{\"servers\":[{\"url\":\"http://172.23.0.5:9000\"}],\"passHostHeader\":true}}},\"middlewares\":{\"portainer-https-redirect\":{\"redirectScheme\":{\"scheme\":\"https\"}},\"test-compress\":{\"compress\":{}}}},\"tcp\":{},\"udp\":{}}" providerName=docker
time="2020-10-16T23:38:55-05:00" level=debug msg="Added outgoing tracing middleware ping@internal" routerName=ping@internal middlewareName=tracing middlewareType=TracingForwarder entryPointName=traefik
time="2020-10-16T23:38:55-05:00" level=debug msg="Creating middleware" entryPointName=traefik middlewareName=traefik-internal-recovery middlewareType=Recovery
time="2020-10-16T23:38:55-05:00" level=debug msg="Added outgoing tracing middleware noop@internal" middlewareName=tracing middlewareType=TracingForwarder entryPointName=http routerName=http-to-https@internal
time="2020-10-16T23:38:55-05:00" level=debug msg="Creating middleware" routerName=http-to-https@internal middlewareName=redirect-http-to-https@internal middlewareType=RedirectScheme entryPointName=http
time="2020-10-16T23:38:55-05:00" level=debug msg="Setting up redirection to https 443" entryPointName=http routerName=http-to-https@internal middlewareName=redirect-http-to-https@internal middlewareType=RedirectScheme
time="2020-10-16T23:38:55-05:00" level=debug msg="Adding tracing to middleware" middlewareName=redirect-http-to-https@internal entryPointName=http routerName=http-to-https@internal
time="2020-10-16T23:38:55-05:00" level=debug msg="Creating middleware" entryPointName=http middlewareName=traefik-internal-recovery middlewareType=Recovery
time="2020-10-16T23:38:55-05:00" level=debug msg="Creating middleware" entryPointName=http middlewareName=metrics-entrypoint middlewareType=Metrics
time="2020-10-16T23:38:55-05:00" level=debug msg="Creating middleware" middlewareType=Metrics entryPointName=https middlewareName=metrics-entrypoint
time="2020-10-16T23:38:55-05:00" level=debug msg="Creating middleware" entryPointName=ping middlewareName=metrics-entrypoint middlewareType=Metrics
time="2020-10-16T23:38:55-05:00" level=debug msg="Creating middleware" entryPointName=traefik middlewareName=metrics-entrypoint middlewareType=Metrics
time="2020-10-16T23:38:55-05:00" level=debug msg="Creating middleware" middlewareType=Metrics entryPointName=http middlewareName=metrics-entrypoint
time="2020-10-16T23:38:55-05:00" level=debug msg="Creating middleware" middlewareName=metrics-entrypoint middlewareType=Metrics entryPointName=https
time="2020-10-16T23:38:55-05:00" level=debug msg="Creating middleware" entryPointName=ping middlewareName=metrics-entrypoint middlewareType=Metrics
time="2020-10-16T23:38:55-05:00" level=debug msg="Creating middleware" middlewareType=Metrics middlewareName=metrics-entrypoint entryPointName=traefik
time="2020-10-16T23:38:55-05:00" level=debug msg="No default certificate, generating one"
time="2020-10-16T23:38:55-05:00" level=debug msg="Provider event received {Status:start ID:9fba2287d8285951531c703168e64700fed5e1b1133f84376c48cfe331a2b5c1 From:nextcloud Type:container Action:start Actor:{ID:9fba2287d8285951531c703168e64700fed5e1b1133f84376c48cfe331a2b5c1 Attributes:map[com.centurylinklabs.watchtower.enable:true com.docker.compose.config-hash:0f8f133b4c714e82d7d2f3900410a145f3fe6068cc13078353068ae3b1838814 com.docker.compose.container-number:1 com.docker.compose.oneoff:False com.docker.compose.project:docker com.docker.compose.project.config_files:docker-compose.yml com.docker.compose.project.working_dir:/data/crypt/docker com.docker.compose.service:nextcloud com.docker.compose.version:1.25.5 image:nextcloud name:nextcloud traefik.docker.network:docker_traefik traefik.enable:true traefik.http.middlewares.nextcloud-caldav.redirectregex.permanent:true traefik.http.middlewares.nextcloud-caldav.redirectregex.regex:^https://(.*)/.well-known/(card|cal)dav traefik.http.middlewares.nextcloud-caldav.redirectregex.replacement:https://${1}/remote.php/dav/ traefik.http.middlewares.nextcloud-https.redirectscheme.scheme:https traefik.http.middlewares.test-compress.compress:true traefik.http.routers.nextcloud-http.entrypoints:http traefik.http.routers.nextcloud-http.middlewares:nextcloud-https@docker traefik.http.routers.nextcloud-http.rule:Host(`nextcloud.DOMAIN`) traefik.http.routers.nextcloud.entrypoints:https traefik.http.routers.nextcloud.middlewares:nextcloud-caldav@docker traefik.http.routers.nextcloud.rule:Host(`nextcloud.DOMAIN`) traefik.http.routers.nextcloud.tls:true]} Scope:local Time:1602909535 TimeNano:1602909535895212807}" providerName=docker
time="2020-10-16T23:38:55-05:00" level=debug msg="Filtering disabled container" providerName=docker container=redis-docker-997208a194fd71b213ad97dbdccf7d8f5a7f0317e1381cf946b9ba74514a5e46
time="2020-10-16T23:38:55-05:00" level=debug msg="Filtering disabled container" providerName=docker container=watchtower-docker-75a85b4b0c563e843298287602f9bc992351450ccee38d67999f74c7e07c8d8f
time="2020-10-16T23:38:55-05:00" level=debug msg="Filtering disabled container" providerName=docker container=traefik-docker-7d0368b560e0f71f98ac9018b79c557fd22988d745edbfb711ad6aa1b020ae3e
time="2020-10-16T23:38:55-05:00" level=debug msg="Filtering disabled container" container=heimdall-docker-d6f42b2ba516b124dd142f71d6062f097c905285fb4e163a0f9430535b56097f providerName=docker
time="2020-10-16T23:38:55-05:00" level=debug msg="Configuration received from provider docker: {\"http\":{\"routers\":{\"nextcloud\":{\"entryPoints\":[\"https\"],\"middlewares\":[\"nextcloud-caldav@docker\"],\"service\":\"nextcloud-docker\",\"rule\":\"Host(`nextcloud.DOMAIN`)\",\"tls\":{}},\"nextcloud-http\":{\"entryPoints\":[\"http\"],\"middlewares\":[\"nextcloud-https@docker\"],\"service\":\"nextcloud-docker\",\"rule\":\"Host(`nextcloud.DOMAIN`)\"},\"portainer\":{\"entryPoints\":[\"http\"],\"middlewares\":[\"portainer-https-redirect\"],\"service\":\"portainer\",\"rule\":\"Host(`portainer.DOMAIN`)\"},\"portainer-secure\":{\"entryPoints\":[\"https\"],\"service\":\"portainer\",\"rule\":\"Host(`portainer.DOMAIN`)\",\"tls\":{}}},\"services\":{\"nextcloud-docker\":{\"loadBalancer\":{\"servers\":[{\"url\":\"http://172.23.0.7:80\"}],\"passHostHeader\":true}},\"portainer\":{\"loadBalancer\":{\"servers\":[{\"url\":\"http://172.23.0.5:9000\"}],\"passHostHeader\":true}}},\"middlewares\":{\"nextcloud-caldav\":{\"redirectRegex\":{\"regex\":\"^https://(.*)/.well-known/(card|cal)dav\",\"replacement\":\"https://${1}/remote.php/dav/\",\"permanent\":true}},\"nextcloud-https\":{\"redirectScheme\":{\"scheme\":\"https\"}},\"portainer-https-redirect\":{\"redirectScheme\":{\"scheme\":\"https\"}},\"test-compress\":{\"compress\":{}}}},\"tcp\":{},\"udp\":{}}" providerName=docker
time="2020-10-16T23:38:55-05:00" level=debug msg="Provider event received {Status:start ID:279ce3cb130d4c4ed95b0a3a519e4984747fad2d953480a38cd988f6a810f5ac From:bitwardenrs/server Type:container Action:start Actor:{ID:279ce3cb130d4c4ed95b0a3a519e4984747fad2d953480a38cd988f6a810f5ac Attributes:map[com.centurylinklabs.watchtower.enable:true com.docker.compose.config-hash:0fe4bce33750d344d4dc3142f38ee8402c02f2c063408f1b83a19fe055db9252 com.docker.compose.container-number:1 com.docker.compose.oneoff:False com.docker.compose.project:docker com.docker.compose.project.config_files:docker-compose.yml com.docker.compose.project.working_dir:/data/crypt/docker com.docker.compose.service:bitwarden com.docker.compose.version:1.25.5 image:bitwardenrs/server name:bitwarden traefik.docker.network:docker_traefik traefik.enable:true traefik.http.middlewares.bitwarden-https-redirect.redirectscheme.scheme:https traefik.http.middlewares.bitwarden-ws-strip.stripprefix.prefixes:/notifications/hub traefik.http.middlewares.test-compress.compress:true traefik.http.routers.bitwarden-secure.entrypoints:https traefik.http.routers.bitwarden-secure.rule:Host(`bitwarden.DOMAIN`) traefik.http.routers.bitwarden-secure.service:bitwarden-secure traefik.http.routers.bitwarden-secure.tls:true traefik.http.routers.bitwarden-ws.entrypoints:https traefik.http.routers.bitwarden-ws.middlewares:bitwarden-ws-strip traefik.http.routers.bitwarden-ws.rule:Host(`bitwarden.DOMAIN`) && Path(`/notifications/hub`) traefik.http.routers.bitwarden-ws.service:bitwarden-ws traefik.http.routers.bitwarden-ws.tls:true traefik.http.routers.bitwarden.entrypoints:http traefik.http.routers.bitwarden.middlewares:bitwarden-https-redirect traefik.http.routers.bitwarden.rule:Host(`bitwarden.DOMAIN`) traefik.http.routers.bitwarden.service:bitwarden traefik.http.services.bitwarden-secure.loadbalancer.server.port:80 traefik.http.services.bitwarden-ws.loadbalancer.server.port:3012 traefik.http.services.bitwarden.loadbalancer.server.port:80]} Scope:local Time:1602909535 TimeNano:1602909535924727672}" providerName=docker
time="2020-10-16T23:38:55-05:00" level=debug msg="Filtering unhealthy or starting container" providerName=docker container=bitwarden-docker-279ce3cb130d4c4ed95b0a3a519e4984747fad2d953480a38cd988f6a810f5ac
time="2020-10-16T23:38:55-05:00" level=debug msg="Filtering disabled container" providerName=docker container=redis-docker-997208a194fd71b213ad97dbdccf7d8f5a7f0317e1381cf946b9ba74514a5e46
time="2020-10-16T23:38:55-05:00" level=debug msg="Filtering disabled container" providerName=docker container=watchtower-docker-75a85b4b0c563e843298287602f9bc992351450ccee38d67999f74c7e07c8d8f
time="2020-10-16T23:38:55-05:00" level=debug msg="Filtering disabled container" container=traefik-docker-7d0368b560e0f71f98ac9018b79c557fd22988d745edbfb711ad6aa1b020ae3e providerName=docker
time="2020-10-16T23:38:55-05:00" level=debug msg="Filtering disabled container" providerName=docker container=heimdall-docker-d6f42b2ba516b124dd142f71d6062f097c905285fb4e163a0f9430535b56097f
time="2020-10-16T23:38:55-05:00" level=debug msg="Configuration received from provider docker: {\"http\":{\"routers\":{\"nextcloud\":{\"entryPoints\":[\"https\"],\"middlewares\":[\"nextcloud-caldav@docker\"],\"service\":\"nextcloud-docker\",\"rule\":\"Host(`nextcloud.DOMAIN`)\",\"tls\":{}},\"nextcloud-http\":{\"entryPoints\":[\"http\"],\"middlewares\":[\"nextcloud-https@docker\"],\"service\":\"nextcloud-docker\",\"rule\":\"Host(`nextcloud.DOMAIN`)\"},\"portainer\":{\"entryPoints\":[\"http\"],\"middlewares\":[\"portainer-https-redirect\"],\"service\":\"portainer\",\"rule\":\"Host(`portainer.DOMAIN`)\"},\"portainer-secure\":{\"entryPoints\":[\"https\"],\"service\":\"portainer\",\"rule\":\"Host(`portainer.DOMAIN`)\",\"tls\":{}}},\"services\":{\"nextcloud-docker\":{\"loadBalancer\":{\"servers\":[{\"url\":\"http://172.23.0.7:80\"}],\"passHostHeader\":true}},\"portainer\":{\"loadBalancer\":{\"servers\":[{\"url\":\"http://172.23.0.5:9000\"}],\"passHostHeader\":true}}},\"middlewares\":{\"nextcloud-caldav\":{\"redirectRegex\":{\"regex\":\"^https://(.*)/.well-known/(card|cal)dav\",\"replacement\":\"https://${1}/remote.php/dav/\",\"permanent\":true}},\"nextcloud-https\":{\"redirectScheme\":{\"scheme\":\"https\"}},\"portainer-https-redirect\":{\"redirectScheme\":{\"scheme\":\"https\"}},\"test-compress\":{\"compress\":{}}}},\"tcp\":{},\"udp\":{}}" providerName=docker
time="2020-10-16T23:38:55-05:00" level=info msg="Skipping same configuration" providerName=docker
time="2020-10-16T23:38:57-05:00" level=debug msg="Added outgoing tracing middleware noop@internal" entryPointName=http routerName=http-to-https@internal middlewareName=tracing middlewareType=TracingForwarder
time="2020-10-16T23:38:57-05:00" level=debug msg="Creating middleware" routerName=http-to-https@internal middlewareName=redirect-http-to-https@internal middlewareType=RedirectScheme entryPointName=http
time="2020-10-16T23:38:57-05:00" level=debug msg="Setting up redirection to https 443" entryPointName=http routerName=http-to-https@internal middlewareName=redirect-http-to-https@internal middlewareType=RedirectScheme
time="2020-10-16T23:38:57-05:00" level=debug msg="Adding tracing to middleware" entryPointName=http routerName=http-to-https@internal middlewareName=redirect-http-to-https@internal
time="2020-10-16T23:38:57-05:00" level=debug msg="Creating middleware" serviceName=nextcloud-docker entryPointName=http middlewareName=pipelining middlewareType=Pipelining routerName=nextcloud-http@docker
time="2020-10-16T23:38:57-05:00" level=debug msg="Creating middleware" routerName=nextcloud-http@docker serviceName=nextcloud-docker middlewareName=metrics-service middlewareType=Metrics entryPointName=http
time="2020-10-16T23:38:57-05:00" level=debug msg="Creating load-balancer" serviceName=nextcloud-docker entryPointName=http routerName=nextcloud-http@docker
time="2020-10-16T23:38:57-05:00" level=debug msg="Creating server 0 http://172.23.0.7:80" serverName=0 routerName=nextcloud-http@docker serviceName=nextcloud-docker entryPointName=http
time="2020-10-16T23:38:57-05:00" level=debug msg="Added outgoing tracing middleware nextcloud-docker" routerName=nextcloud-http@docker entryPointName=http middlewareName=tracing middlewareType=TracingForwarder
time="2020-10-16T23:38:57-05:00" level=debug msg="Creating middleware" middlewareType=RedirectScheme entryPointName=http routerName=nextcloud-http@docker middlewareName=nextcloud-https@docker
time="2020-10-16T23:38:57-05:00" level=debug msg="Setting up redirection to https " middlewareType=RedirectScheme entryPointName=http routerName=nextcloud-http@docker middlewareName=nextcloud-https@docker
time="2020-10-16T23:38:57-05:00" level=debug msg="Adding tracing to middleware" entryPointName=http routerName=nextcloud-http@docker middlewareName=nextcloud-https@docker
time="2020-10-16T23:38:57-05:00" level=debug msg="Creating middleware" entryPointName=http routerName=portainer@docker serviceName=portainer middlewareName=pipelining middlewareType=Pipelining
time="2020-10-16T23:38:57-05:00" level=debug msg="Creating middleware" serviceName=portainer entryPointName=http routerName=portainer@docker middlewareName=metrics-service middlewareType=Metrics
time="2020-10-16T23:38:57-05:00" level=debug msg="Creating load-balancer" routerName=portainer@docker serviceName=portainer entryPointName=http
time="2020-10-16T23:38:57-05:00" level=debug msg="Creating server 0 http://172.23.0.5:9000" entryPointName=http routerName=portainer@docker serviceName=portainer serverName=0
time="2020-10-16T23:38:57-05:00" level=debug msg="Added outgoing tracing middleware portainer" middlewareType=TracingForwarder entryPointName=http routerName=portainer@docker middlewareName=tracing
time="2020-10-16T23:38:57-05:00" level=debug msg="Creating middleware" routerName=portainer@docker middlewareName=portainer-https-redirect@docker middlewareType=RedirectScheme entryPointName=http
time="2020-10-16T23:38:57-05:00" level=debug msg="Setting up redirection to https " middlewareType=RedirectScheme entryPointName=http routerName=portainer@docker middlewareName=portainer-https-redirect@docker
time="2020-10-16T23:38:57-05:00" level=debug msg="Adding tracing to middleware" routerName=portainer@docker entryPointName=http middlewareName=portainer-https-redirect@docker
time="2020-10-16T23:38:57-05:00" level=debug msg="Creating middleware" middlewareName=traefik-internal-recovery middlewareType=Recovery entryPointName=http
time="2020-10-16T23:38:57-05:00" level=debug msg="Added outgoing tracing middleware ping@internal" entryPointName=traefik routerName=ping@internal middlewareType=TracingForwarder middlewareName=tracing
time="2020-10-16T23:38:57-05:00" level=debug msg="Creating middleware" middlewareType=Recovery entryPointName=traefik middlewareName=traefik-internal-recovery
time="2020-10-16T23:38:57-05:00" level=debug msg="Creating middleware" middlewareType=Metrics entryPointName=http middlewareName=metrics-entrypoint
time="2020-10-16T23:38:57-05:00" level=debug msg="Creating middleware" entryPointName=https middlewareName=metrics-entrypoint middlewareType=Metrics
time="2020-10-16T23:38:57-05:00" level=debug msg="Creating middleware" middlewareName=metrics-entrypoint middlewareType=Metrics entryPointName=ping
time="2020-10-16T23:38:57-05:00" level=debug msg="Creating middleware" entryPointName=traefik middlewareType=Metrics middlewareName=metrics-entrypoint
time="2020-10-16T23:38:57-05:00" level=debug msg="Creating middleware" middlewareType=Pipelining entryPointName=https routerName=nextcloud@docker serviceName=nextcloud-docker middlewareName=pipelining
time="2020-10-16T23:38:57-05:00" level=debug msg="Creating middleware" routerName=nextcloud@docker serviceName=nextcloud-docker entryPointName=https middlewareName=metrics-service middlewareType=Metrics
time="2020-10-16T23:38:57-05:00" level=debug msg="Creating load-balancer" entryPointName=https routerName=nextcloud@docker serviceName=nextcloud-docker
time="2020-10-16T23:38:57-05:00" level=debug msg="Creating server 0 http://172.23.0.7:80" serviceName=nextcloud-docker serverName=0 entryPointName=https routerName=nextcloud@docker
time="2020-10-16T23:38:57-05:00" level=debug msg="Added outgoing tracing middleware nextcloud-docker" entryPointName=https routerName=nextcloud@docker middlewareName=tracing middlewareType=TracingForwarder
time="2020-10-16T23:38:57-05:00" level=debug msg="Creating middleware" middlewareType=RedirectRegex entryPointName=https routerName=nextcloud@docker middlewareName=nextcloud-caldav@docker
time="2020-10-16T23:38:57-05:00" level=debug msg="Setting up redirection from ^https://(.*)/.well-known/(card|cal)dav to https://${1}/remote.php/dav/" middlewareName=nextcloud-caldav@docker middlewareType=RedirectRegex entryPointName=https routerName=nextcloud@docker
time="2020-10-16T23:38:57-05:00" level=debug msg="Adding tracing to middleware" routerName=nextcloud@docker middlewareName=nextcloud-caldav@docker entryPointName=https
time="2020-10-16T23:38:57-05:00" level=debug msg="Creating middleware" serviceName=portainer middlewareName=pipelining middlewareType=Pipelining routerName=portainer-secure@docker entryPointName=https
time="2020-10-16T23:38:57-05:00" level=debug msg="Creating middleware" serviceName=portainer middlewareName=metrics-service middlewareType=Metrics routerName=portainer-secure@docker entryPointName=https
time="2020-10-16T23:38:57-05:00" level=debug msg="Creating load-balancer" routerName=portainer-secure@docker entryPointName=https serviceName=portainer
time="2020-10-16T23:38:57-05:00" level=debug msg="Creating server 0 http://172.23.0.5:9000" serverName=0 entryPointName=https serviceName=portainer routerName=portainer-secure@docker
time="2020-10-16T23:38:57-05:00" level=debug msg="Added outgoing tracing middleware portainer" routerName=portainer-secure@docker middlewareName=tracing middlewareType=TracingForwarder entryPointName=https
time="2020-10-16T23:38:57-05:00" level=debug msg="Creating middleware" middlewareType=Recovery entryPointName=https middlewareName=traefik-internal-recovery
time="2020-10-16T23:38:57-05:00" level=debug msg="Creating middleware" middlewareName=metrics-entrypoint entryPointName=http middlewareType=Metrics
time="2020-10-16T23:38:57-05:00" level=debug msg="Creating middleware" middlewareName=metrics-entrypoint middlewareType=Metrics entryPointName=https
time="2020-10-16T23:38:57-05:00" level=debug msg="Creating middleware" entryPointName=ping middlewareName=metrics-entrypoint middlewareType=Metrics
time="2020-10-16T23:38:57-05:00" level=debug msg="Creating middleware" middlewareType=Metrics entryPointName=traefik middlewareName=metrics-entrypoint
time="2020-10-16T23:38:57-05:00" level=debug msg="No default certificate, generating one"
time="2020-10-16T23:39:56-05:00" level=debug msg="Provider event received {Status:health_status: healthy ID:279ce3cb130d4c4ed95b0a3a519e4984747fad2d953480a38cd988f6a810f5ac From:bitwardenrs/server Type:container Action:health_status: healthy Actor:{ID:279ce3cb130d4c4ed95b0a3a519e4984747fad2d953480a38cd988f6a810f5ac Attributes:map[com.centurylinklabs.watchtower.enable:true com.docker.compose.config-hash:0fe4bce33750d344d4dc3142f38ee8402c02f2c063408f1b83a19fe055db9252 com.docker.compose.container-number:1 com.docker.compose.oneoff:False com.docker.compose.project:docker com.docker.compose.project.config_files:docker-compose.yml com.docker.compose.project.working_dir:/data/crypt/docker com.docker.compose.service:bitwarden com.docker.compose.version:1.25.5 image:bitwardenrs/server name:bitwarden traefik.docker.network:docker_traefik traefik.enable:true traefik.http.middlewares.bitwarden-https-redirect.redirectscheme.scheme:https traefik.http.middlewares.bitwarden-ws-strip.stripprefix.prefixes:/notifications/hub traefik.http.middlewares.test-compress.compress:true traefik.http.routers.bitwarden-secure.entrypoints:https traefik.http.routers.bitwarden-secure.rule:Host(`bitwarden.DOMAIN`) traefik.http.routers.bitwarden-secure.service:bitwarden-secure traefik.http.routers.bitwarden-secure.tls:true traefik.http.routers.bitwarden-ws.entrypoints:https traefik.http.routers.bitwarden-ws.middlewares:bitwarden-ws-strip traefik.http.routers.bitwarden-ws.rule:Host(`bitwarden.DOMAIN`) && Path(`/notifications/hub`) traefik.http.routers.bitwarden-ws.service:bitwarden-ws traefik.http.routers.bitwarden-ws.tls:true traefik.http.routers.bitwarden.entrypoints:http traefik.http.routers.bitwarden.middlewares:bitwarden-https-redirect traefik.http.routers.bitwarden.rule:Host(`bitwarden.DOMAIN`) traefik.http.routers.bitwarden.service:bitwarden traefik.http.services.bitwarden-secure.loadbalancer.server.port:80 traefik.http.services.bitwarden-ws.loadbalancer.server.port:3012 traefik.http.services.bitwarden.loadbalancer.server.port:80]} Scope:local Time:1602909596 TimeNano:1602909596162422902}" providerName=docker
time="2020-10-16T23:39:56-05:00" level=debug msg="Filtering disabled container" providerName=docker container=redis-docker-997208a194fd71b213ad97dbdccf7d8f5a7f0317e1381cf946b9ba74514a5e46
time="2020-10-16T23:39:56-05:00" level=debug msg="Filtering disabled container" container=watchtower-docker-75a85b4b0c563e843298287602f9bc992351450ccee38d67999f74c7e07c8d8f providerName=docker
time="2020-10-16T23:39:56-05:00" level=debug msg="Filtering disabled container" container=traefik-docker-7d0368b560e0f71f98ac9018b79c557fd22988d745edbfb711ad6aa1b020ae3e providerName=docker
time="2020-10-16T23:39:56-05:00" level=debug msg="Filtering disabled container" providerName=docker container=heimdall-docker-d6f42b2ba516b124dd142f71d6062f097c905285fb4e163a0f9430535b56097f
time="2020-10-16T23:39:56-05:00" level=debug msg="Configuration received from provider docker: {\"http\":{\"routers\":{\"bitwarden\":{\"entryPoints\":[\"http\"],\"middlewares\":[\"bitwarden-https-redirect\"],\"service\":\"bitwarden\",\"rule\":\"Host(`bitwarden.DOMAIN`)\"},\"bitwarden-secure\":{\"entryPoints\":[\"https\"],\"service\":\"bitwarden-secure\",\"rule\":\"Host(`bitwarden.DOMAIN`)\",\"tls\":{}},\"bitwarden-ws\":{\"entryPoints\":[\"https\"],\"middlewares\":[\"bitwarden-ws-strip\"],\"service\":\"bitwarden-ws\",\"rule\":\"Host(`bitwarden.DOMAIN`) \\u0026\\u0026 Path(`/notifications/hub`)\",\"tls\":{}},\"nextcloud\":{\"entryPoints\":[\"https\"],\"middlewares\":[\"nextcloud-caldav@docker\"],\"service\":\"nextcloud-docker\",\"rule\":\"Host(`nextcloud.DOMAIN`)\",\"tls\":{}},\"nextcloud-http\":{\"entryPoints\":[\"http\"],\"middlewares\":[\"nextcloud-https@docker\"],\"service\":\"nextcloud-docker\",\"rule\":\"Host(`nextcloud.DOMAIN`)\"},\"portainer\":{\"entryPoints\":[\"http\"],\"middlewares\":[\"portainer-https-redirect\"],\"service\":\"portainer\",\"rule\":\"Host(`portainer.DOMAIN`)\"},\"portainer-secure\":{\"entryPoints\":[\"https\"],\"service\":\"portainer\",\"rule\":\"Host(`portainer.DOMAIN`)\",\"tls\":{}}},\"services\":{\"bitwarden\":{\"loadBalancer\":{\"servers\":[{\"url\":\"http://172.23.0.6:80\"}],\"passHostHeader\":true}},\"bitwarden-secure\":{\"loadBalancer\":{\"servers\":[{\"url\":\"http://172.23.0.6:80\"}],\"passHostHeader\":true}},\"bitwarden-ws\":{\"loadBalancer\":{\"servers\":[{\"url\":\"http://172.23.0.6:3012\"}],\"passHostHeader\":true}},\"nextcloud-docker\":{\"loadBalancer\":{\"servers\":[{\"url\":\"http://172.23.0.7:80\"}],\"passHostHeader\":true}},\"portainer\":{\"loadBalancer\":{\"servers\":[{\"url\":\"http://172.23.0.5:9000\"}],\"passHostHeader\":true}}},\"middlewares\":{\"bitwarden-https-redirect\":{\"redirectScheme\":{\"scheme\":\"https\"}},\"bitwarden-ws-strip\":{\"stripPrefix\":{\"prefixes\":[\"/notifications/hub\"],\"forceSlash\":true}},\"nextcloud-caldav\":{\"redirectRegex\":{\"regex\":\"^https://(.*)/.well-known/(card|cal)dav\",\"replacement\":\"https://${1}/remote.php/dav/\",\"permanent\":true}},\"nextcloud-https\":{\"redirectScheme\":{\"scheme\":\"https\"}},\"portainer-https-redirect\":{\"redirectScheme\":{\"scheme\":\"https\"}},\"test-compress\":{\"compress\":{}}}},\"tcp\":{},\"udp\":{}}" providerName=docker
time="2020-10-16T23:39:56-05:00" level=debug msg="Creating middleware" middlewareType=Pipelining entryPointName=http routerName=portainer@docker serviceName=portainer middlewareName=pipelining
time="2020-10-16T23:39:56-05:00" level=debug msg="Creating middleware" serviceName=portainer middlewareName=metrics-service middlewareType=Metrics entryPointName=http routerName=portainer@docker
time="2020-10-16T23:39:56-05:00" level=debug msg="Creating load-balancer" routerName=portainer@docker serviceName=portainer entryPointName=http
time="2020-10-16T23:39:56-05:00" level=debug msg="Creating server 0 http://172.23.0.5:9000" serviceName=portainer entryPointName=http serverName=0 routerName=portainer@docker
time="2020-10-16T23:39:56-05:00" level=debug msg="Added outgoing tracing middleware portainer" entryPointName=http routerName=portainer@docker middlewareName=tracing middlewareType=TracingForwarder
time="2020-10-16T23:39:56-05:00" level=debug msg="Creating middleware" middlewareName=portainer-https-redirect@docker middlewareType=RedirectScheme entryPointName=http routerName=portainer@docker
time="2020-10-16T23:39:56-05:00" level=debug msg="Setting up redirection to https " routerName=portainer@docker middlewareName=portainer-https-redirect@docker middlewareType=RedirectScheme entryPointName=http
time="2020-10-16T23:39:56-05:00" level=debug msg="Adding tracing to middleware" entryPointName=http routerName=portainer@docker middlewareName=portainer-https-redirect@docker
time="2020-10-16T23:39:56-05:00" level=debug msg="Added outgoing tracing middleware noop@internal" middlewareName=tracing middlewareType=TracingForwarder entryPointName=http routerName=http-to-https@internal
time="2020-10-16T23:39:56-05:00" level=debug msg="Creating middleware" middlewareName=redirect-http-to-https@internal middlewareType=RedirectScheme entryPointName=http routerName=http-to-https@internal
time="2020-10-16T23:39:56-05:00" level=debug msg="Setting up redirection to https 443" routerName=http-to-https@internal middlewareName=redirect-http-to-https@internal middlewareType=RedirectScheme entryPointName=http
time="2020-10-16T23:39:56-05:00" level=debug msg="Adding tracing to middleware" entryPointName=http routerName=http-to-https@internal middlewareName=redirect-http-to-https@internal
time="2020-10-16T23:39:56-05:00" level=debug msg="Creating middleware" middlewareName=pipelining middlewareType=Pipelining routerName=bitwarden@docker entryPointName=http serviceName=bitwarden
time="2020-10-16T23:39:56-05:00" level=debug msg="Creating middleware" serviceName=bitwarden middlewareName=metrics-service middlewareType=Metrics routerName=bitwarden@docker entryPointName=http
time="2020-10-16T23:39:56-05:00" level=debug msg="Creating load-balancer" serviceName=bitwarden routerName=bitwarden@docker entryPointName=http
time="2020-10-16T23:39:56-05:00" level=debug msg="Creating server 0 http://172.23.0.6:80" routerName=bitwarden@docker entryPointName=http serviceName=bitwarden serverName=0
time="2020-10-16T23:39:56-05:00" level=debug msg="Added outgoing tracing middleware bitwarden" routerName=bitwarden@docker middlewareName=tracing middlewareType=TracingForwarder entryPointName=http
time="2020-10-16T23:39:56-05:00" level=debug msg="Creating middleware" middlewareType=RedirectScheme entryPointName=http routerName=bitwarden@docker middlewareName=bitwarden-https-redirect@docker
time="2020-10-16T23:39:56-05:00" level=debug msg="Setting up redirection to https " entryPointName=http routerName=bitwarden@docker middlewareName=bitwarden-https-redirect@docker middlewareType=RedirectScheme
time="2020-10-16T23:39:56-05:00" level=debug msg="Adding tracing to middleware" entryPointName=http routerName=bitwarden@docker middlewareName=bitwarden-https-redirect@docker
time="2020-10-16T23:39:56-05:00" level=debug msg="Creating middleware" middlewareType=Pipelining entryPointName=http routerName=nextcloud-http@docker serviceName=nextcloud-docker middlewareName=pipelining
time="2020-10-16T23:39:56-05:00" level=debug msg="Creating middleware" routerName=nextcloud-http@docker serviceName=nextcloud-docker middlewareName=metrics-service middlewareType=Metrics entryPointName=http
time="2020-10-16T23:39:56-05:00" level=debug msg="Creating load-balancer" serviceName=nextcloud-docker entryPointName=http routerName=nextcloud-http@docker
time="2020-10-16T23:39:56-05:00" level=debug msg="Creating server 0 http://172.23.0.7:80" entryPointName=http routerName=nextcloud-http@docker serviceName=nextcloud-docker serverName=0
time="2020-10-16T23:39:56-05:00" level=debug msg="Added outgoing tracing middleware nextcloud-docker" entryPointName=http routerName=nextcloud-http@docker middlewareType=TracingForwarder middlewareName=tracing
time="2020-10-16T23:39:56-05:00" level=debug msg="Creating middleware" entryPointName=http routerName=nextcloud-http@docker middlewareName=nextcloud-https@docker middlewareType=RedirectScheme
time="2020-10-16T23:39:56-05:00" level=debug msg="Setting up redirection to https " middlewareType=RedirectScheme entryPointName=http routerName=nextcloud-http@docker middlewareName=nextcloud-https@docker
time="2020-10-16T23:39:56-05:00" level=debug msg="Adding tracing to middleware" entryPointName=http routerName=nextcloud-http@docker middlewareName=nextcloud-https@docker
time="2020-10-16T23:39:56-05:00" level=debug msg="Creating middleware" middlewareType=Recovery entryPointName=http middlewareName=traefik-internal-recovery
time="2020-10-16T23:39:56-05:00" level=debug msg="Added outgoing tracing middleware ping@internal" entryPointName=traefik routerName=ping@internal middlewareType=TracingForwarder middlewareName=tracing
time="2020-10-16T23:39:56-05:00" level=debug msg="Creating middleware" entryPointName=traefik middlewareName=traefik-internal-recovery middlewareType=Recovery
time="2020-10-16T23:39:56-05:00" level=debug msg="Creating middleware" entryPointName=http middlewareName=metrics-entrypoint middlewareType=Metrics
time="2020-10-16T23:39:56-05:00" level=debug msg="Creating middleware" middlewareType=Metrics entryPointName=https middlewareName=metrics-entrypoint
time="2020-10-16T23:39:56-05:00" level=debug msg="Creating middleware" entryPointName=ping middlewareType=Metrics middlewareName=metrics-entrypoint
time="2020-10-16T23:39:56-05:00" level=debug msg="Creating middleware" entryPointName=traefik middlewareName=metrics-entrypoint middlewareType=Metrics
time="2020-10-16T23:39:56-05:00" level=debug msg="Creating middleware" middlewareType=Pipelining entryPointName=https routerName=bitwarden-ws@docker serviceName=bitwarden-ws middlewareName=pipelining
time="2020-10-16T23:39:56-05:00" level=debug msg="Creating middleware" serviceName=bitwarden-ws entryPointName=https routerName=bitwarden-ws@docker middlewareType=Metrics middlewareName=metrics-service
time="2020-10-16T23:39:56-05:00" level=debug msg="Creating load-balancer" entryPointName=https routerName=bitwarden-ws@docker serviceName=bitwarden-ws
time="2020-10-16T23:39:56-05:00" level=debug msg="Creating server 0 http://172.23.0.6:3012" routerName=bitwarden-ws@docker serverName=0 serviceName=bitwarden-ws entryPointName=https
time="2020-10-16T23:39:56-05:00" level=debug msg="Added outgoing tracing middleware bitwarden-ws" middlewareName=tracing routerName=bitwarden-ws@docker entryPointName=https middlewareType=TracingForwarder
time="2020-10-16T23:39:56-05:00" level=debug msg="Creating middleware" routerName=bitwarden-ws@docker middlewareName=bitwarden-ws-strip@docker middlewareType=StripPrefix entryPointName=https
time="2020-10-16T23:39:56-05:00" level=debug msg="Adding tracing to middleware" middlewareName=bitwarden-ws-strip@docker entryPointName=https routerName=bitwarden-ws@docker
time="2020-10-16T23:39:56-05:00" level=debug msg="Creating middleware" middlewareName=pipelining middlewareType=Pipelining entryPointName=https routerName=nextcloud@docker serviceName=nextcloud-docker
time="2020-10-16T23:39:56-05:00" level=debug msg="Creating middleware" entryPointName=https routerName=nextcloud@docker serviceName=nextcloud-docker middlewareName=metrics-service middlewareType=Metrics
time="2020-10-16T23:39:56-05:00" level=debug msg="Creating load-balancer" entryPointName=https routerName=nextcloud@docker serviceName=nextcloud-docker
time="2020-10-16T23:39:56-05:00" level=debug msg="Creating server 0 http://172.23.0.7:80" routerName=nextcloud@docker serviceName=nextcloud-docker serverName=0 entryPointName=https
time="2020-10-16T23:39:56-05:00" level=debug msg="Added outgoing tracing middleware nextcloud-docker" middlewareType=TracingForwarder entryPointName=https routerName=nextcloud@docker middlewareName=tracing
time="2020-10-16T23:39:56-05:00" level=debug msg="Creating middleware" middlewareType=RedirectRegex routerName=nextcloud@docker entryPointName=https middlewareName=nextcloud-caldav@docker
time="2020-10-16T23:39:56-05:00" level=debug msg="Setting up redirection from ^https://(.*)/.well-known/(card|cal)dav to https://${1}/remote.php/dav/" routerName=nextcloud@docker entryPointName=https middlewareName=nextcloud-caldav@docker middlewareType=RedirectRegex
time="2020-10-16T23:39:56-05:00" level=debug msg="Adding tracing to middleware" routerName=nextcloud@docker entryPointName=https middlewareName=nextcloud-caldav@docker
time="2020-10-16T23:39:56-05:00" level=debug msg="Creating middleware" routerName=bitwarden-secure@docker serviceName=bitwarden-secure middlewareName=pipelining middlewareType=Pipelining entryPointName=https
time="2020-10-16T23:39:56-05:00" level=debug msg="Creating middleware" middlewareType=Metrics routerName=bitwarden-secure@docker serviceName=bitwarden-secure entryPointName=https middlewareName=metrics-service
time="2020-10-16T23:39:56-05:00" level=debug msg="Creating load-balancer" entryPointName=https routerName=bitwarden-secure@docker serviceName=bitwarden-secure
time="2020-10-16T23:39:56-05:00" level=debug msg="Creating server 0 http://172.23.0.6:80" serviceName=bitwarden-secure serverName=0 entryPointName=https routerName=bitwarden-secure@docker
time="2020-10-16T23:39:56-05:00" level=debug msg="Added outgoing tracing middleware bitwarden-secure" middlewareType=TracingForwarder entryPointName=https routerName=bitwarden-secure@docker middlewareName=tracing
time="2020-10-16T23:39:56-05:00" level=debug msg="Creating middleware" serviceName=portainer middlewareName=pipelining middlewareType=Pipelining entryPointName=https routerName=portainer-secure@docker
time="2020-10-16T23:39:56-05:00" level=debug msg="Creating middleware" middlewareName=metrics-service middlewareType=Metrics serviceName=portainer entryPointName=https routerName=portainer-secure@docker
time="2020-10-16T23:39:56-05:00" level=debug msg="Creating load-balancer" serviceName=portainer entryPointName=https routerName=portainer-secure@docker
time="2020-10-16T23:39:56-05:00" level=debug msg="Creating server 0 http://172.23.0.5:9000" entryPointName=https routerName=portainer-secure@docker serviceName=portainer serverName=0
time="2020-10-16T23:39:56-05:00" level=debug msg="Added outgoing tracing middleware portainer" entryPointName=https routerName=portainer-secure@docker middlewareName=tracing middlewareType=TracingForwarder
time="2020-10-16T23:39:56-05:00" level=debug msg="Creating middleware" middlewareName=traefik-internal-recovery middlewareType=Recovery entryPointName=https
time="2020-10-16T23:39:56-05:00" level=debug msg="Creating middleware" middlewareType=Metrics entryPointName=http middlewareName=metrics-entrypoint
time="2020-10-16T23:39:56-05:00" level=debug msg="Creating middleware" middlewareName=metrics-entrypoint middlewareType=Metrics entryPointName=https
time="2020-10-16T23:39:56-05:00" level=debug msg="Creating middleware" entryPointName=ping middlewareName=metrics-entrypoint middlewareType=Metrics
time="2020-10-16T23:39:56-05:00" level=debug msg="Creating middleware" entryPointName=traefik middlewareName=metrics-entrypoint middlewareType=Metrics
time="2020-10-16T23:39:56-05:00" level=debug msg="No default certificate, generating one"
time="2020-10-16T23:40:25-05:00" level=debug msg="Provider event received {Status:health_status: unhealthy ID:7d0368b560e0f71f98ac9018b79c557fd22988d745edbfb711ad6aa1b020ae3e From:traefik:latest Type:container Action:health_status: unhealthy Actor:{ID:7d0368b560e0f71f98ac9018b79c557fd22988d745edbfb711ad6aa1b020ae3e Attributes:map[com.centurylinklabs.watchtower.enable:true com.docker.compose.config-hash:9bcea4ddfbcf1cbdec8b8e6e0f41c818f3422c3862bf51f9a37a5ad15699050d com.docker.compose.container-number:1 com.docker.compose.oneoff:False com.docker.compose.project:docker com.docker.compose.project.config_files:docker-compose.yml com.docker.compose.project.working_dir:/data/crypt/docker com.docker.compose.service:traefik com.docker.compose.version:1.25.5 image:traefik:latest name:traefik org.opencontainers.image.description:A modern reverse-proxy org.opencontainers.image.documentation:https://docs.traefik.io org.opencontainers.image.title:Traefik org.opencontainers.image.url:https://traefik.io org.opencontainers.image.vendor:Traefik Labs org.opencontainers.image.version:v2.3.1 traefik.http.routers.traefik-secure.entrypoints:https traefik.http.routers.traefik-secure.rule:Host(`traefik.DOMAIN`) traefik.http.routers.traefik-secure.service:api@internal traefik.http.routers.traefik-secure.tls:true]} Scope:local Time:1602909625 TimeNano:1602909625912341158}" providerName=docker
time="2020-10-16T23:40:25-05:00" level=debug msg="Filtering disabled container" container=redis-docker-997208a194fd71b213ad97dbdccf7d8f5a7f0317e1381cf946b9ba74514a5e46 providerName=docker
time="2020-10-16T23:40:25-05:00" level=debug msg="Filtering disabled container" providerName=docker container=watchtower-docker-75a85b4b0c563e843298287602f9bc992351450ccee38d67999f74c7e07c8d8f
time="2020-10-16T23:40:25-05:00" level=debug msg="Filtering disabled container" providerName=docker container=traefik-docker-7d0368b560e0f71f98ac9018b79c557fd22988d745edbfb711ad6aa1b020ae3e
time="2020-10-16T23:40:25-05:00" level=debug msg="Filtering disabled container" providerName=docker container=heimdall-docker-d6f42b2ba516b124dd142f71d6062f097c905285fb4e163a0f9430535b56097f
time="2020-10-16T23:40:25-05:00" level=debug msg="Configuration received from provider docker: {\"http\":{\"routers\":{\"bitwarden\":{\"entryPoints\":[\"http\"],\"middlewares\":[\"bitwarden-https-redirect\"],\"service\":\"bitwarden\",\"rule\":\"Host(`bitwarden.DOMAIN`)\"},\"bitwarden-secure\":{\"entryPoints\":[\"https\"],\"service\":\"bitwarden-secure\",\"rule\":\"Host(`bitwarden.DOMAIN`)\",\"tls\":{}},\"bitwarden-ws\":{\"entryPoints\":[\"https\"],\"middlewares\":[\"bitwarden-ws-strip\"],\"service\":\"bitwarden-ws\",\"rule\":\"Host(`bitwarden.DOMAIN`) \\u0026\\u0026 Path(`/notifications/hub`)\",\"tls\":{}},\"nextcloud\":{\"entryPoints\":[\"https\"],\"middlewares\":[\"nextcloud-caldav@docker\"],\"service\":\"nextcloud-docker\",\"rule\":\"Host(`nextcloud.DOMAIN`)\",\"tls\":{}},\"nextcloud-http\":{\"entryPoints\":[\"http\"],\"middlewares\":[\"nextcloud-https@docker\"],\"service\":\"nextcloud-docker\",\"rule\":\"Host(`nextcloud.DOMAIN`)\"},\"portainer\":{\"entryPoints\":[\"http\"],\"middlewares\":[\"portainer-https-redirect\"],\"service\":\"portainer\",\"rule\":\"Host(`portainer.DOMAIN`)\"},\"portainer-secure\":{\"entryPoints\":[\"https\"],\"service\":\"portainer\",\"rule\":\"Host(`portainer.DOMAIN`)\",\"tls\":{}}},\"services\":{\"bitwarden\":{\"loadBalancer\":{\"servers\":[{\"url\":\"http://172.23.0.6:80\"}],\"passHostHeader\":true}},\"bitwarden-secure\":{\"loadBalancer\":{\"servers\":[{\"url\":\"http://172.23.0.6:80\"}],\"passHostHeader\":true}},\"bitwarden-ws\":{\"loadBalancer\":{\"servers\":[{\"url\":\"http://172.23.0.6:3012\"}],\"passHostHeader\":true}},\"nextcloud-docker\":{\"loadBalancer\":{\"servers\":[{\"url\":\"http://172.23.0.7:80\"}],\"passHostHeader\":true}},\"portainer\":{\"loadBalancer\":{\"servers\":[{\"url\":\"http://172.23.0.5:9000\"}],\"passHostHeader\":true}}},\"middlewares\":{\"bitwarden-https-redirect\":{\"redirectScheme\":{\"scheme\":\"https\"}},\"bitwarden-ws-strip\":{\"stripPrefix\":{\"prefixes\":[\"/notifications/hub\"],\"forceSlash\":true}},\"nextcloud-caldav\":{\"redirectRegex\":{\"regex\":\"^https://(.*)/.well-known/(card|cal)dav\",\"replacement\":\"https://${1}/remote.php/dav/\",\"permanent\":true}},\"nextcloud-https\":{\"redirectScheme\":{\"scheme\":\"https\"}},\"portainer-https-redirect\":{\"redirectScheme\":{\"scheme\":\"https\"}},\"test-compress\":{\"compress\":{}}}},\"tcp\":{},\"udp\":{}}" providerName=docker
time="2020-10-16T23:40:25-05:00" level=info msg="Skipping same configuration" providerName=docker
time="2020-10-16T23:43:52-05:00" level=debug msg="Serving default certificate for request: \"bitwarden.DOMAIN\""
time="2020-10-16T23:43:52-05:00" level=debug msg="http: TLS handshake error from 172.58.142.216:29686: remote error: tls: unknown certificate"
time="2020-10-16T23:43:55-05:00" level=debug msg="Send to pilot: 2020-10-16 23:43:55.484031155 -0500 CDT m=+300.330937413"
time="2020-10-16T23:48:53-05:00" level=debug msg="Serving default certificate for request: \"bitwarden.DOMAIN\""
time="2020-10-16T23:48:53-05:00" level=debug msg="http: TLS handshake error from 172.58.142.216:36624: remote error: tls: unknown certificate"
time="2020-10-16T23:48:55-05:00" level=debug msg="Send to pilot: 2020-10-16 23:48:55.484084303 -0500 CDT m=+600.330990551"
time="2020-10-16T23:49:56-05:00" level=debug msg="http: TLS handshake error from 199.30.231.1:18324: tls: unsupported SSLv2 handshake received"
time="2020-10-16T23:49:57-05:00" level=debug msg="http: TLS handshake error from 199.30.231.1:18325: tls: unsupported SSLv2 handshake received"
time="2020-10-16T23:50:45-05:00" level=debug msg="Serving default certificate for request: \"DOMAIN\""
time="2020-10-16T23:50:45-05:00" level=debug msg="http: TLS handshake error from 172.58.142.216:27654: remote error: tls: unknown certificate"
time="2020-10-16T23:51:07-05:00" level=debug msg="http: TLS handshake error from 199.30.231.1:18706: tls: unsupported SSLv2 handshake received"
time="2020-10-16T23:51:07-05:00" level=debug msg="http: TLS handshake error from 199.30.231.1:18707: tls: unsupported SSLv2 handshake received"
time="2020-10-16T23:53:53-05:00" level=debug msg="Serving default certificate for request: \"bitwarden.DOMAIN\""
time="2020-10-16T23:53:53-05:00" level=debug msg="http: TLS handshake error from 172.58.142.216:55534: remote error: tls: unknown certificate"
time="2020-10-16T23:53:55-05:00" level=debug msg="Send to pilot: 2020-10-16 23:53:55.484438281 -0500 CDT m=+900.331344509"
time="2020-10-16T23:58:53-05:00" level=debug msg="Serving default certificate for request: \"bitwarden.DOMAIN\""
time="2020-10-16T23:58:53-05:00" level=debug msg="http: TLS handshake error from 172.58.142.216:25798: remote error: tls: unknown certificate"
time="2020-10-16T23:58:55-05:00" level=debug msg="Send to pilot: 2020-10-16 23:58:55.484369185 -0500 CDT m=+1200.331275403"
time="2020-10-17T00:03:54-05:00" level=debug msg="Serving default certificate for request: \"bitwarden.DOMAIN\""
time="2020-10-17T00:03:54-05:00" level=debug msg="http: TLS handshake error from 172.58.142.216:21352: remote error: tls: unknown certificate"
time="2020-10-17T00:03:55-05:00" level=debug msg="Send to pilot: 2020-10-17 00:03:55.484131447 -0500 CDT m=+1500.331037675"
time="2020-10-17T00:08:54-05:00" level=debug msg="Serving default certificate for request: \"bitwarden.DOMAIN\""
time="2020-10-17T00:08:54-05:00" level=debug msg="http: TLS handshake error from 172.58.142.216:54264: remote error: tls: unknown certificate"
time="2020-10-17T00:08:55-05:00" level=debug msg="Send to pilot: 2020-10-17 00:08:55.484422238 -0500 CDT m=+1800.331328466"
